<?xml version="1.0" encoding="UTF-8"?>
<!-- Generated by org.testng.reporters.JUnitXMLReporter -->
<testsuite ignored="0" hostname="LAPTOP-G5SA0KCR" failures="0" tests="7" name="chromtest" time="241.314" errors="0" timestamp="2024-09-02T12:05:15 HKT">
  <testcase classname="meme_staking.STAKELAND.TestCase01" name="sliderFunctionsSync" time="19.497"/>
  <testcase classname="meme_staking.STAKELAND.TestCase02" name="slider_functions_move_change_value" time="9.247"/>
  <testcase classname="meme_staking.STAKELAND.TestCase03" name="slider_functions_balance_stake_element" time="10.236"/>
  <testcase classname="meme_staking.STAKELAND.TestCase04" name="Enabled_button_Base_button" time="7.734"/>
  <testcase classname="meme_staking.STAKELAND.TestCase06" name="refresh_check" time="0.925"/>
  <testcase classname="meme_staking.STAKELAND.TestCase08" name="CONNECT_YOUR_WALLET_button" time="5.047"/>
  <testcase classname="meme_staking.STAKELAND.TestCase05" name="Enabled_NEW_TO_STAKELAND_button" time="10.818"/>
</testsuite> <!-- chromtest -->
