<?xml version="1.0" encoding="UTF-8"?>
<!-- Generated by org.testng.reporters.JUnitXMLReporter -->
<testsuite ignored="0" hostname="LAPTOP-G5SA0KCR" failures="0" tests="7" name="edgetest" time="240.122" errors="0" timestamp="2024-09-02T12:05:14 HKT">
  <testcase classname="meme_staking.STAKELAND.TestCase01" name="sliderFunctionsSync" time="15.18"/>
  <testcase classname="meme_staking.STAKELAND.TestCase02" name="slider_functions_move_change_value" time="10.402"/>
  <testcase classname="meme_staking.STAKELAND.TestCase03" name="slider_functions_balance_stake_element" time="9.479"/>
  <testcase classname="meme_staking.STAKELAND.TestCase04" name="Enabled_button_Base_button" time="8.726"/>
  <testcase classname="meme_staking.STAKELAND.TestCase06" name="refresh_check" time="0.682"/>
  <testcase classname="meme_staking.STAKELAND.TestCase08" name="CONNECT_YOUR_WALLET_button" time="3.632"/>
  <testcase classname="meme_staking.STAKELAND.TestCase05" name="Enabled_NEW_TO_STAKELAND_button" time="12.657"/>
</testsuite> <!-- edgetest -->
