<?xml version="1.0" encoding="UTF-8"?>
<!-- Generated by org.testng.reporters.JUnitXMLReporter -->
<testsuite ignored="0" hostname="LAPTOP-G5SA0KCR" failures="0" tests="7" name="firefoxtest" time="274.199" errors="0" timestamp="2024-09-02T12:05:48 HKT">
  <testcase classname="meme_staking.STAKELAND.TestCase01" name="sliderFunctionsSync" time="12.007"/>
  <testcase classname="meme_staking.STAKELAND.TestCase02" name="slider_functions_move_change_value" time="9.372"/>
  <testcase classname="meme_staking.STAKELAND.TestCase03" name="slider_functions_balance_stake_element" time="7.259"/>
  <testcase classname="meme_staking.STAKELAND.TestCase04" name="Enabled_button_Base_button" time="7.372"/>
  <testcase classname="meme_staking.STAKELAND.TestCase06" name="refresh_check" time="2.715"/>
  <testcase classname="meme_staking.STAKELAND.TestCase08" name="CONNECT_YOUR_WALLET_button" time="3.543"/>
  <testcase classname="meme_staking.STAKELAND.TestCase05" name="Enabled_NEW_TO_STAKELAND_button" time="7.73"/>
</testsuite> <!-- firefoxtest -->
