<?xml version="1.0" encoding="UTF-8"?>
<!-- Generated by org.testng.reporters.JUnitXMLReporter -->
<testsuite ignored="0" hostname="LAPTOP-G5SA0KCR" failures="0" tests="7" name="chromtest" time="295.172" errors="0" timestamp="2024-08-11T16:09:26 HKT">
  <testcase classname="meme_staking.STAKELAND.TestCase01" name="sliderFunctionsSync" time="14.378"/>
  <testcase classname="meme_staking.STAKELAND.TestCase02" name="slider_functions_move_change_value" time="9.595"/>
  <testcase classname="meme_staking.STAKELAND.TestCase03" name="slider_functions_balance_stake_element" time="7.616"/>
  <testcase classname="meme_staking.STAKELAND.TestCase04" name="Enabled_button_Base_button" time="8.767"/>
  <testcase classname="meme_staking.STAKELAND.TestCase06" name="refresh_check" time="1.304"/>
  <testcase classname="meme_staking.STAKELAND.TestCase08" name="CONNECT_YOUR_WALLET_button" time="5.422"/>
  <testcase classname="meme_staking.STAKELAND.TestCase05" name="Enabled_NEW_TO_STAKELAND_button" time="20.701"/>
</testsuite> <!-- chromtest -->
