<?xml version="1.0" encoding="UTF-8"?>
<!-- Generated by org.testng.reporters.JUnitXMLReporter -->
<testsuite ignored="0" hostname="LAPTOP-G5SA0KCR" failures="0" tests="7" name="firefoxtest" time="277.759" errors="0" timestamp="2024-08-11T16:09:09 HKT">
  <testcase classname="meme_staking.STAKELAND.TestCase01" name="sliderFunctionsSync" time="13.013"/>
  <testcase classname="meme_staking.STAKELAND.TestCase02" name="slider_functions_move_change_value" time="9.389"/>
  <testcase classname="meme_staking.STAKELAND.TestCase03" name="slider_functions_balance_stake_element" time="0.0">
    <skipped/>
  </testcase> <!-- slider_functions_balance_stake_element -->
  <testcase classname="meme_staking.STAKELAND.TestCase04" name="Enabled_button_Base_button" time="0.0">
    <skipped/>
  </testcase> <!-- Enabled_button_Base_button -->
  <testcase classname="meme_staking.STAKELAND.TestCase06" name="refresh_check" time="0.0">
    <skipped/>
  </testcase> <!-- refresh_check -->
  <testcase classname="meme_staking.STAKELAND.TestCase08" name="CONNECT_YOUR_WALLET_button" time="6.771"/>
  <testcase classname="meme_staking.STAKELAND.TestCase05" name="Enabled_NEW_TO_STAKELAND_button" time="0.0">
    <skipped/>
  </testcase> <!-- Enabled_NEW_TO_STAKELAND_button -->
</testsuite> <!-- firefoxtest -->
