<?xml version="1.0" encoding="UTF-8"?>
<testsuite xmlns:xsi="http://www.w3.org/2001/XMLSchema-instance" xsi:noNamespaceSchemaLocation="https://maven.apache.org/surefire/maven-surefire-plugin/xsd/surefire-test-report-3.0.xsd" version="3.0" name="TestSuite" time="275.347" tests="21" errors="0" skipped="0" failures="0">
  <properties>
[...]
</properties>
  <testcase name="sliderFunctionsSync" classname="meme_staking.STAKELAND.TestCase01" time="8.472">
    <system-err><![CDATA[SLF4J: Failed to load class "org.slf4j.impl.StaticLoggerBinder".
SLF4J: Defaulting to no-operation (NOP) logger implementation
SLF4J: See http://www.slf4j.org/codes.html#StaticLoggerBinder for further details.
Sep 02, 2024 12:01:22 PM org.openqa.selenium.devtools.CdpVersionFinder findNearestMatch
WARNING: Unable to find an exact match for CDP version 127, returning the closest version; found: 125; Please update to a Selenium version that supports CDP version 127
Sep 02, 2024 12:01:22 PM org.openqa.selenium.devtools.CdpVersionFinder findNearestMatch
WARNING: Unable to find an exact match for CDP version 128, returning the closest version; found: 125; Please update to a Selenium version that supports CDP version 128
]]></system-err>
  </testcase>
  <testcase name="sliderFunctionsSync" classname="meme_staking.STAKELAND.TestCase01" time="12.003"/>
  <testcase name="sliderFunctionsSync" classname="meme_staking.STAKELAND.TestCase01" time="13.454"/>
  <testcase name="slider_functions_move_change_value" classname="meme_staking.STAKELAND.TestCase02" time="4.746">
    <system-err><![CDATA[Sep 02, 2024 12:02:03 PM org.openqa.selenium.devtools.CdpVersionFinder findNearestMatch
WARNING: Unable to find an exact match for CDP version 127, returning the closest version; found: 125; Please update to a Selenium version that supports CDP version 127
Sep 02, 2024 12:02:08 PM org.openqa.selenium.devtools.CdpVersionFinder findNearestMatch
WARNING: Unable to find an exact match for CDP version 128, returning the closest version; found: 125; Please update to a Selenium version that supports CDP version 128
]]></system-err>
  </testcase>
  <testcase name="slider_functions_move_change_value" classname="meme_staking.STAKELAND.TestCase02" time="1.158"/>
  <testcase name="slider_functions_move_change_value" classname="meme_staking.STAKELAND.TestCase02" time="9.374">
    <system-err><![CDATA[Sep 02, 2024 12:02:38 PM org.openqa.selenium.devtools.CdpVersionFinder findNearestMatch
WARNING: Unable to find an exact match for CDP version 127, returning the closest version; found: 125; Please update to a Selenium version that supports CDP version 127
]]></system-err>
  </testcase>
  <testcase name="slider_functions_balance_stake_element" classname="meme_staking.STAKELAND.TestCase03" time="1.287">
    <system-err><![CDATA[Sep 02, 2024 12:02:43 PM org.openqa.selenium.devtools.CdpVersionFinder findNearestMatch
WARNING: Unable to find an exact match for CDP version 128, returning the closest version; found: 125; Please update to a Selenium version that supports CDP version 128
]]></system-err>
  </testcase>
  <testcase name="slider_functions_balance_stake_element" classname="meme_staking.STAKELAND.TestCase03" time="10.225"/>
  <testcase name="slider_functions_balance_stake_element" classname="meme_staking.STAKELAND.TestCase03" time="7.261">
    <system-err><![CDATA[Sep 02, 2024 12:03:13 PM org.openqa.selenium.devtools.CdpVersionFinder findNearestMatch
WARNING: Unable to find an exact match for CDP version 127, returning the closest version; found: 125; Please update to a Selenium version that supports CDP version 127
Sep 02, 2024 12:03:19 PM org.openqa.selenium.devtools.CdpVersionFinder findNearestMatch
WARNING: Unable to find an exact match for CDP version 128, returning the closest version; found: 125; Please update to a Selenium version that supports CDP version 128
]]></system-err>
  </testcase>
  <testcase name="Enabled_button_Base_button" classname="meme_staking.STAKELAND.TestCase04" time="2.02"/>
  <testcase name="Enabled_button_Base_button" classname="meme_staking.STAKELAND.TestCase04" time="7.734"/>
  <testcase name="Enabled_button_Base_button" classname="meme_staking.STAKELAND.TestCase04" time="1.144"/>
  <testcase name="refresh_check" classname="meme_staking.STAKELAND.TestCase06" time="0.682">
    <system-err><![CDATA[Sep 02, 2024 12:03:44 PM org.openqa.selenium.devtools.CdpVersionFinder findNearestMatch
WARNING: Unable to find an exact match for CDP version 127, returning the closest version; found: 125; Please update to a Selenium version that supports CDP version 127
Sep 02, 2024 12:03:49 PM org.openqa.selenium.devtools.CdpVersionFinder findNearestMatch
WARNING: Unable to find an exact match for CDP version 128, returning the closest version; found: 125; Please update to a Selenium version that supports CDP version 128
]]></system-err>
  </testcase>
  <testcase name="refresh_check" classname="meme_staking.STAKELAND.TestCase06" time="0.924"/>
  <testcase name="refresh_check" classname="meme_staking.STAKELAND.TestCase06" time="2.714"/>
  <testcase name="CONNECT_YOUR_WALLET_button" classname="meme_staking.STAKELAND.TestCase08" time="3.633">
    <system-err><![CDATA[Sep 02, 2024 12:04:08 PM org.openqa.selenium.devtools.CdpVersionFinder findNearestMatch
WARNING: Unable to find an exact match for CDP version 127, returning the closest version; found: 125; Please update to a Selenium version that supports CDP version 127
Sep 02, 2024 12:04:13 PM org.openqa.selenium.devtools.CdpVersionFinder findNearestMatch
WARNING: Unable to find an exact match for CDP version 128, returning the closest version; found: 125; Please update to a Selenium version that supports CDP version 128
]]></system-err>
  </testcase>
  <testcase name="CONNECT_YOUR_WALLET_button" classname="meme_staking.STAKELAND.TestCase08" time="5.045"/>
  <testcase name="CONNECT_YOUR_WALLET_button" classname="meme_staking.STAKELAND.TestCase08" time="3.543"/>
  <testcase name="Enabled_NEW_TO_STAKELAND_button" classname="meme_staking.STAKELAND.TestCase05" time="8.127">
    <system-err><![CDATA[Sep 02, 2024 12:04:40 PM org.openqa.selenium.devtools.CdpVersionFinder findNearestMatch
WARNING: Unable to find an exact match for CDP version 127, returning the closest version; found: 125; Please update to a Selenium version that supports CDP version 127
Sep 02, 2024 12:04:44 PM org.openqa.selenium.devtools.CdpVersionFinder findNearestMatch
WARNING: Unable to find an exact match for CDP version 128, returning the closest version; found: 125; Please update to a Selenium version that supports CDP version 128
]]></system-err>
  </testcase>
  <testcase name="Enabled_NEW_TO_STAKELAND_button" classname="meme_staking.STAKELAND.TestCase05" time="2.478"/>
  <testcase name="Enabled_NEW_TO_STAKELAND_button" classname="meme_staking.STAKELAND.TestCase05" time="7.73"/>
</testsuite>